Performing C SOURCE FILE Test CMAKE_HAVE_LIBC_PTHREAD failed with the following output:
Change Dir: /home/fexolm/Documents/git/pefa/build/CMakeFiles/CMakeTmp

Run Build Command(s):/usr/bin/make cmTC_49d78/fast && /usr/bin/make  -f CMakeFiles/cmTC_49d78.dir/build.make CMakeFiles/cmTC_49d78.dir/build
make[1]: Entering directory '/home/fexolm/Documents/git/pefa/build/CMakeFiles/CMakeTmp'
Building C object CMakeFiles/cmTC_49d78.dir/src.c.o
/usr/bin/cc   -fno-omit-frame-pointer -fsanitize=address -DCMAKE_HAVE_LIBC_PTHREAD   -o CMakeFiles/cmTC_49d78.dir/src.c.o   -c /home/fexolm/Documents/git/pefa/build/CMakeFiles/CMakeTmp/src.c
Linking C executable cmTC_49d78
/usr/bin/cmake -E cmake_link_script CMakeFiles/cmTC_49d78.dir/link.txt --verbose=1
/usr/bin/cc  -fno-omit-frame-pointer -fsanitize=address -DCMAKE_HAVE_LIBC_PTHREAD    CMakeFiles/cmTC_49d78.dir/src.c.o  -o cmTC_49d78 
/usr/bin/ld: CMakeFiles/cmTC_49d78.dir/src.c.o: undefined reference to symbol 'pthread_detach@@GLIBC_2.2.5'
/usr/bin/ld: /usr/lib/../lib/libpthread.so.0: error adding symbols: DSO missing from command line
collect2: error: ld returned 1 exit status
make[1]: *** [CMakeFiles/cmTC_49d78.dir/build.make:107: cmTC_49d78] Error 1
make[1]: Leaving directory '/home/fexolm/Documents/git/pefa/build/CMakeFiles/CMakeTmp'
make: *** [Makefile:141: cmTC_49d78/fast] Error 2


Source file was:
#include <pthread.h>

void* test_func(void* data)
{
  return data;
}

int main(void)
{
  pthread_t thread;
  pthread_create(&thread, NULL, test_func, NULL);
  pthread_detach(thread);
  pthread_cancel(thread);
  pthread_join(thread, NULL);
  pthread_atfork(NULL, NULL, NULL);
  pthread_exit(NULL);

  return 0;
}

Determining if the function pthread_create exists in the pthreads failed with the following output:
Change Dir: /home/fexolm/Documents/git/pefa/build/CMakeFiles/CMakeTmp

Run Build Command(s):/usr/bin/make cmTC_62c68/fast && /usr/bin/make  -f CMakeFiles/cmTC_62c68.dir/build.make CMakeFiles/cmTC_62c68.dir/build
make[1]: Entering directory '/home/fexolm/Documents/git/pefa/build/CMakeFiles/CMakeTmp'
Building C object CMakeFiles/cmTC_62c68.dir/CheckFunctionExists.c.o
/usr/bin/cc   -fno-omit-frame-pointer -fsanitize=address -DCHECK_FUNCTION_EXISTS=pthread_create   -o CMakeFiles/cmTC_62c68.dir/CheckFunctionExists.c.o   -c /usr/share/cmake-3.17/Modules/CheckFunctionExists.c
Linking C executable cmTC_62c68
/usr/bin/cmake -E cmake_link_script CMakeFiles/cmTC_62c68.dir/link.txt --verbose=1
/usr/bin/cc  -fno-omit-frame-pointer -fsanitize=address -DCHECK_FUNCTION_EXISTS=pthread_create    CMakeFiles/cmTC_62c68.dir/CheckFunctionExists.c.o  -o cmTC_62c68  -lpthreads 
/usr/bin/ld: cannot find -lpthreads
collect2: error: ld returned 1 exit status
make[1]: *** [CMakeFiles/cmTC_62c68.dir/build.make:107: cmTC_62c68] Error 1
make[1]: Leaving directory '/home/fexolm/Documents/git/pefa/build/CMakeFiles/CMakeTmp'
make: *** [Makefile:141: cmTC_62c68/fast] Error 2



